\o Program:		@(#)$CDS: libManager version 6.1.7 - CAT35 10/18/2015 00:06 (sjfnl678) $
\o Sub version:		sub-version  p009 
\o Arguments:		-unmapped -mpssession virtuoso506 -mpshost vlsi 
\o Working Directory:	vlsi:/home/smdp/Desktop/sumit_cadence
\o 64-bit offsets
\o Qt version: 		4.8.5
\o changeWorkingDir("/home/smdp/Desktop/sumit_cadence") unnecessary.
\o ddSetForcedLib("") unnecessary.
\o Log file is "/home/smdp/Desktop/sumit_cadence/libManager.log".
\o Opening libManager window.
\a nrSetWindowVisibility(cdsLibManager "show")
\o MPS service: map window
\a nrSetCurrentWindow(cdsLibManager)
\o Library Manager customization server connected.
\w Warning: '/home/smdp/Desktop/sumit_cadence/cds.lib', Line 1: Skipping: 'ï'
\o   »  ¿SOFTINCLUDE  /home/user/cadence/IC617/share/cdssetup/cds.lib 
\w Warning: The directory: '/home/smdp/Desktop/jaskirat/Test' does not exist
\w 	but was defined in libFile '/home/smdp/Desktop/sumit_cadence/cds.lib' for Lib 'Test'.
\a nrResizeWindow(cdsLibManager list(2 91 600 419))
\a nrResizeWindow(cdsLibManager list(590 186 600 419))
\a cdsLibManager->libListBox->value = "jaskirat1"
\a cdsLibManager->libLineEdit->value = "jaskirat1"
\a cdsLibManager->cellListBox->value = "mux_2_1"
\a cdsLibManager->cellLineEdit->value = "mux_2_1"
\a cdsLibManager->editCopyButton->value = t
\o INFO (CLM-200): Complex Copy Operation \n\nFill in the copy option fields with the desired information \nand press the `Generate Copy List' button when finished to obtain \na valid list of views to copy. 
\a copyWizardDialog->qt_vbar->value = "0"
\a nrSetWindowVisibility(copyWizardDialog "show")
\a nrSetCurrentWindow(cdsLibManager)
\a nrSetCurrentWindow(copyWizardDialog)
\a nrResizeWindow(copyWizardDialog list(583 171 615 558))
\a copyWizardDialog->copyWizardCommonWidget0_SelectAll->value = t
\a copyWizardDialog->copyWizardCommonWidget0_copyWizardDestinationLibraryComboBox->value = "sumitfpga"
\a copyWizardDialog->copyWizardCommonWidget0_SelectAll->value = t
\a copyWizardDialog->copyWizardCommonWidget0_SelectAll->value = t
\a copyWizardDialog->copyWizardCommonWidget0_SelectAll->value = t
\a copyWizardDialog->copyWizardCommonWidget0_SelectAll->value = t
\a copyWizardDialog->copyWizardCommonWidget0_SelectAll->value = t
\a copyWizardDialog->copyWizardCommonWidget0_SelectAll->value = t
\a copyWizardDialog->copyWizardCommonWidget0_SelectAll->value = t
\a copyWizardDialog->copyWizardTab->value = "1"
\a copyWizardDialog->copyWizardTab->value = "2"
\a copyWizardDialog->copyWizardTab->value = "3"
\a copyWizardDialog->copyWizardTab->value = "4"
\a copyWizardDialog->copyWizardTab->value = "1"
\a copyWizardDialog->copyWizardTab->value = "0"
\a copyWizardDialog->copyWizardTab->value = "1"
\a copyWizardDialog->copyWizardCommonWidget1_copyWizardDestinationLibraryComboBox->value = "sumitfpga"
\a copyWizardDialog->copyWizardCommonWidget1_copyWizardGenerateCopyList->value = t
\o ERROR (CLM-236): You will need at least one view in order to\ndo a hierarchical copy.\nProvide one in the "Views To Copy" field.
\a nrSetWindowVisibility(errorDialog "show")
\a nrSetCurrentWindow(errorDialog)
\a nrResizeWindow(errorDialog list(739 312 303 134))
\a errorDialog->errorOkButton->value = t
\a nrSetCurrentWindow(cdsLibManager)
\a nrSetCurrentWindow(copyWizardDialog)
\a copyWizardDialog->cWViewsEdit1->value = "sc"
\a copyWizardDialog->copyWizardTab->value = "0"
\a copyWizardDialog->copyWizardCommonWidget0_SelectAll->value = t
\a nrSetCurrentWindow(cdsLibManager)
\a lmgrLogShowPopup("mainListPopup1" 34 24 2 "mux_2_1")
\a cdsLibManager->copySimpleButton->value = t
\a basicCopyForm->CategoryCellsEdit->value = "*"
\a basicCopyForm->CellsSkipLibraries->value = t
\a basicCopyForm->CellsSkipLibrariesEdit->value = "*"
\a basicCopyForm->CellsSkipLibrariesEdit->value = "*"
\a basicCopyForm->ViewsSkipLibraries->value = t
\a basicCopyForm->ViewsSkipLibrariesEdit->value = "*"
\a basicCopyForm->CopyFromLibrary->value = "US_8ths"
\a basicCopyForm->CopyToLibrary->value = "US_8ths"
\a basicCopyForm->CopyFromLibrary->value = "jaskirat1"
\a basicCopyForm->CopyFromCell->value = "mux_2_1"
\a basicCopyForm->CopyToLibrary->value = "jaskirat1"
\a basicCopyForm->CopyToCell->value = "mux_2_1"
\a basicCopyForm->CellsViewsToCopy->value = "layout schematic symbol"
\a basicCopyForm->CellsSkipLibrariesEdit->value = ""
\a basicCopyForm->CellsSkipLibrariesEdit->value = "US_8ths analogLib analogLib_scl avTech basic cdsDefTechLib gpdk045 jaskirat jaskirat_45 sumitfpga ts018_scl_prim"
\a basicCopyForm->ViewsSkipLibrariesEdit->value = "US_8ths analogLib analogLib_scl avTech basic cdsDefTechLib gpdk045 jaskirat jaskirat_45 sumitfpga ts018_scl_prim"
\a nrSetWindowVisibility(basicCopyForm "show")
\a nrSetCurrentWindow(basicCopyForm)
\a nrResizeWindow(basicCopyForm list(668 132 444 674))
\a basicCopyForm->CopyToLibrary->value = "sumitfpga"
\a basicCopyForm->CellsCopyHierarchical->value = t
\a basicCopyForm->OK->value = t
\o Beginning hierarchical copy to library "sumitfpga".
\o Processing files to be copied...
\a nrSetWindowVisibility(workingDialogForm "show")
\a nrSetCurrentWindow(workingDialogForm)
\a nrResizeWindow(workingDialogForm list(747 312 286 133))
\o ERROR (CLM-173): One or more of the following problems have occurred:\n      1. The source file doesn't exist.\n      2. A destination file will be overwritten.\n      3. A destination file is checked out.\n      4. A destination file is opened for edit.\n      5. A destination file conflicts with another.\n      6. A source OpenAccess cellview master file has zero size.
\a nrSetWindowVisibility(copyProblemsDialog "show")
\a nrSetCurrentWindow(cdsLibManager)
\a nrSetCurrentWindow(copyProblemsDialog)
\a nrResizeWindow(copyProblemsDialog list(478 240 825 441))
\a copyProblemsDialog->OK->value = t
\a nrSetCurrentWindow(basicCopyForm)
\a nrSetWindowVisibility(workingDialogForm "show")
\a nrSetCurrentWindow(cdsLibManager)
\a nrSetCurrentWindow(workingDialogForm)
\a nrResizeWindow(workingDialogForm list(747 312 286 133))
\a basicCopyForm->CellsSkipLibrariesEdit->value = "*"
\a basicCopyForm->CellsSkipLibrariesEdit->value = "US_8ths analogLib analogLib_scl avTech basic cdsDefTechLib gpdk045 jaskirat jaskirat_45 sumitfpga ts018_scl_prim"
\a nrSetCurrentWindow(cdsLibManager)
\a cdsLibManager->libListBox->value = "jaskirat"
\a cdsLibManager->cellListBox->value = nil
\a cdsLibManager->cellLineEdit->value = ""
\a cdsLibManager->libLineEdit->value = "jaskirat"
\a cdsLibManager->cellListBox->value = "4_1_mux"
\a lmgrLogShowPopup("mainListPopup1" 37 27 2 "4_1_mux")
\a cdsLibManager->cellLineEdit->value = "4_1_mux"
\a cdsLibManager->copySimpleButton->value = t
\a basicCopyForm->CellsSkipLibrariesEdit->value = "*"
\a basicCopyForm->CellsViewsToCopy->value = ""
\a basicCopyForm->ViewsCopyHierarchical->value = t
\a basicCopyForm->ViewsSkipLibrariesEdit->value = "*"
\a basicCopyForm->CopyFromCell->value = ""
\a basicCopyForm->CopyToCell->value = ""
\a basicCopyForm->CopyFromLibrary->value = ""
\a basicCopyForm->CopyToLibrary->value = ""
\a basicCopyForm->CopyFromLibrary->value = "US_8ths"
\a basicCopyForm->CopyToLibrary->value = "US_8ths"
\a basicCopyForm->CopyFromLibrary->value = "jaskirat"
\a basicCopyForm->CopyFromCell->value = "4_1_mux"
\a basicCopyForm->CopyToLibrary->value = "jaskirat"
\a basicCopyForm->CopyToCell->value = "4_1_mux"
\a basicCopyForm->CellsViewsToCopy->value = "schematic symbol"
\a basicCopyForm->CellsSkipLibrariesEdit->value = ""
\a basicCopyForm->CellsSkipLibrariesEdit->value = "US_8ths analogLib analogLib_scl avTech basic cdsDefTechLib gpdk045 jaskirat1 jaskirat_45 sumitfpga ts018_scl_prim"
\a basicCopyForm->ViewsSkipLibrariesEdit->value = "US_8ths analogLib analogLib_scl avTech basic cdsDefTechLib gpdk045 jaskirat1 jaskirat_45 sumitfpga ts018_scl_prim"
\a nrSetWindowVisibility(basicCopyForm "show")
\a nrSetCurrentWindow(basicCopyForm)
\a nrResizeWindow(basicCopyForm list(668 132 444 674))
\a basicCopyForm->CopyToLibrary->value = "sumitfpga"
\a basicCopyForm->OK->value = t
\o Beginning hierarchical copy to library "sumitfpga".
\o Processing files to be copied...
\a nrSetWindowVisibility(workingDialogForm "show")
\a nrSetCurrentWindow(workingDialogForm)
\a nrResizeWindow(workingDialogForm list(747 312 286 133))
\a nrSetWindowVisibility(copyProblemsDialog "show")
\a nrSetCurrentWindow(cdsLibManager)
\a nrSetCurrentWindow(copyProblemsDialog)
\a nrResizeWindow(copyProblemsDialog list(478 240 825 441))
\a copyProblemsDialog->OK->value = t
\a nrSetCurrentWindow(basicCopyForm)
\a nrSetWindowVisibility(workingDialogForm "show")
\a nrSetCurrentWindow(cdsLibManager)
\a nrSetCurrentWindow(workingDialogForm)
\a nrResizeWindow(workingDialogForm list(747 312 286 133))
\a basicCopyForm->CellsSkipLibrariesEdit->value = "*"
\a basicCopyForm->CellsSkipLibrariesEdit->value = "US_8ths analogLib analogLib_scl avTech basic cdsDefTechLib gpdk045 jaskirat1 jaskirat_45 sumitfpga ts018_scl_prim"
\a nrSetCurrentWindow(cdsLibManager)
\a nrSetCurrentWindow(cdsLibManager)
\a cdsLibManager->cellListBox->value = nil
\a cdsLibManager->cellListBox->value = "4_1_mux"
\a lmgrLogShowPopup("mainListPopup1" 25 25 2 "4_1_mux")
\a cdsLibManager->cellLineEdit->value = "4_1_mux"
\a cdsLibManager->editPropertiesButton->value = t
\o MPS request: edit property
\a nrSetCurrentWindow(cdsLibManager)
\a lmgrLogShowPopup("mainListPopup1" 45 20 2 "4_1_mux")
\a cdsLibManager->copySimpleButton->value = t
\a basicCopyForm->CellsSkipLibrariesEdit->value = "*"
\a basicCopyForm->CellsViewsToCopy->value = ""
\a basicCopyForm->ViewsSkipLibrariesEdit->value = "*"
\a basicCopyForm->CopyFromCell->value = ""
\a basicCopyForm->CopyToCell->value = ""
\a basicCopyForm->CopyFromLibrary->value = ""
\a basicCopyForm->CopyToLibrary->value = ""
\a basicCopyForm->CopyFromLibrary->value = "US_8ths"
\a basicCopyForm->CopyToLibrary->value = "US_8ths"
\a basicCopyForm->CopyFromLibrary->value = "jaskirat"
\a basicCopyForm->CopyFromCell->value = "4_1_mux"
\a basicCopyForm->CopyToLibrary->value = "jaskirat"
\a basicCopyForm->CopyToCell->value = "4_1_mux"
\a basicCopyForm->CellsViewsToCopy->value = "schematic symbol"
\a basicCopyForm->CellsSkipLibrariesEdit->value = ""
\a basicCopyForm->CellsSkipLibrariesEdit->value = "US_8ths analogLib analogLib_scl avTech basic cdsDefTechLib gpdk045 jaskirat1 jaskirat_45 sumitfpga ts018_scl_prim"
\a basicCopyForm->ViewsSkipLibrariesEdit->value = "US_8ths analogLib analogLib_scl avTech basic cdsDefTechLib gpdk045 jaskirat1 jaskirat_45 sumitfpga ts018_scl_prim"
\a nrSetWindowVisibility(basicCopyForm "show")
\a nrSetCurrentWindow(basicCopyForm)
\a nrResizeWindow(basicCopyForm list(668 132 444 674))
\a basicCopyForm->CopyToLibrary->value = "sumitfpga"
\a basicCopyForm->OK->value = t
\o Beginning hierarchical copy to library "sumitfpga".
\o Processing files to be copied...
\a nrSetWindowVisibility(workingDialogForm "show")
\a nrSetCurrentWindow(workingDialogForm)
\a nrResizeWindow(workingDialogForm list(747 312 286 133))
\a nrSetWindowVisibility(copyProblemsDialog "show")
\a nrSetCurrentWindow(cdsLibManager)
\a nrSetCurrentWindow(copyProblemsDialog)
\a nrResizeWindow(copyProblemsDialog list(478 240 825 441))
\a copyProblemsDialog->OK->value = t
\a nrSetCurrentWindow(basicCopyForm)
\o ERROR (CLM-160): There is nothing to copy.\nCopy exited.
\a nrSetWindowVisibility(errorDialog "show")
\a basicCopyForm->CellsSkipLibrariesEdit->value = "*"
\a basicCopyForm->CellsSkipLibrariesEdit->value = "US_8ths analogLib analogLib_scl avTech basic cdsDefTechLib gpdk045 jaskirat1 jaskirat_45 sumitfpga ts018_scl_prim"
\a nrSetCurrentWindow(errorDialog)
\a nrResizeWindow(errorDialog list(739 312 303 134))
\a errorDialog->errorOkButton->value = t
\a nrSetCurrentWindow(cdsLibManager)
\a _lmgrCloseIconify("cdsLibManager" 1)
\a nrSetCurrentWindow(cdsLibManager)
\a _lmgrCloseIconify("cdsLibManager" 1)
\a nrSetCurrentWindow(cdsLibManager)
\a cdsLibManager->fileExitButton->value = t
\o libManager is exiting.
\a nrSetWindowVisibility(cdsLibManager "hide")
\a exit(0)
